Using pre-set license
Built from '2020.2/release' branch; Version is '2020.2.1f1 (270dd8c3da1c) revision 2559448'; Using compiler version '192528614'; Build Type 'Release'
OS: 'Windows 10  (10.0.0) 64bit' Language: 'en' Physical Memory: 8034 MB
BatchMode: 1, IsHumanControllingUs: 0, StartBugReporterOnCrash: 0, Is64bit: 1, IsPro: 0

 COMMAND LINE ARGUMENTS:
C:\Program Files\Unity\Hub\Editor\2020.2.1f1\Editor\Unity.exe
-adb2
-batchMode
-noUpm
-name
AssetImportWorker9
-projectPath
C:/Centennial/Winter 2021/COMP397/COMP397-W2021-Lesson1b
-logFile
Logs/AssetImportWorker9.log
-srvPort
53941
Successfully changed project path to: C:/Centennial/Winter 2021/COMP397/COMP397-W2021-Lesson1b
C:/Centennial/Winter 2021/COMP397/COMP397-W2021-Lesson1b
Using Asset Import Pipeline V2.
Refreshing native plugins compatible for Editor in 34.66 ms, found 0 plugins.
Preloading 0 native plugins for Editor in 0.00 ms.
Initialize engine version: 2020.2.1f1 (270dd8c3da1c)
[Subsystems] Discovering subsystems at path C:/Program Files/Unity/Hub/Editor/2020.2.1f1/Editor/Data/Resources/UnitySubsystems
[Subsystems] Discovering subsystems at path C:/Centennial/Winter 2021/COMP397/COMP397-W2021-Lesson1b/Assets
GfxDevice: creating device client; threaded=0
Direct3D:
    Version:  Direct3D 11.0 [level 11.1]
    Renderer: NVIDIA GeForce GTX 1050 (ID=0x1c8d)
    Vendor:   
    VRAM:     4019 MB
    Driver:   25.21.14.1972
Initialize mono
Mono path[0] = 'C:/Program Files/Unity/Hub/Editor/2020.2.1f1/Editor/Data/Managed'
Mono path[1] = 'C:/Program Files/Unity/Hub/Editor/2020.2.1f1/Editor/Data/MonoBleedingEdge/lib/mono/unityjit'
Mono config path = 'C:/Program Files/Unity/Hub/Editor/2020.2.1f1/Editor/Data/MonoBleedingEdge/etc'
Using monoOptions --debugger-agent=transport=dt_socket,embedding=1,server=y,suspend=n,address=127.0.0.1:56268
Begin MonoManager ReloadAssembly
Registering precompiled unity dll's ...
Register platform support module: C:/Program Files/Unity/Hub/Editor/2020.2.1f1/Editor/Data/PlaybackEngines/WebGLSupport/UnityEditor.WebGL.Extensions.dll
Register platform support module: C:/Program Files/Unity/Hub/Editor/2020.2.1f1/Editor/Data/PlaybackEngines/WindowsStandaloneSupport/UnityEditor.WindowsStandalone.Extensions.dll
Registered in 0.006584 seconds.
Native extension for WindowsStandalone target not found
Native extension for WebGL target not found
Refreshing native plugins compatible for Editor in 36.01 ms, found 0 plugins.
Preloading 0 native plugins for Editor in 0.00 ms.
Invoked RoslynAnalysisRunner static constructor.
RoslynAnalysisRunner will not be running.
RoslynAnalysisRunner has terminated.
Mono: successfully reloaded assembly
- Completed reload, in  4.835 seconds
Platform modules already initialized, skipping
Registering precompiled user dll's ...
Registered in 0.002157 seconds.
Begin MonoManager ReloadAssembly
Native extension for WindowsStandalone target not found
Native extension for WebGL target not found
Refreshing native plugins compatible for Editor in 0.21 ms, found 0 plugins.
Preloading 0 native plugins for Editor in 0.00 ms.
Invoked RoslynAnalysisRunner static constructor.
RoslynAnalysisRunner will not be running.
RoslynAnalysisRunner has terminated.
Mono: successfully reloaded assembly
- Completed reload, in  3.560 seconds
Platform modules already initialized, skipping
========================================================================
Worker process is ready to serve import requests
Launched and connected shader compiler UnityShaderCompiler.exe after 0.20 seconds
Refreshing native plugins compatible for Editor in 0.28 ms, found 0 plugins.
Preloading 0 native plugins for Editor in 0.00 ms.
Unloading 1094 Unused Serialized files (Serialized files now loaded: 0)
System memory in use before: 55.9 MB.
System memory in use after: 55.9 MB.

Unloading 10 unused Assets to reduce memory usage. Loaded Objects now: 1533.
Total: 1.615700 ms (FindLiveObjects: 0.194700 ms CreateObjectMapping: 0.044800 ms MarkObjects: 1.323300 ms  DeleteObjects: 0.052000 ms)

========================================================================
Received Import Request.
  path: Assets/Textures
  artifactKey: Guid(5f6fc64577f3d7f4a993786cecc6cb3f) Importer(815301076,1909f56bfc062723c751e8b465ee728b)
Start importing Assets/Textures using Guid(5f6fc64577f3d7f4a993786cecc6cb3f) Importer(815301076,1909f56bfc062723c751e8b465ee728b)  -> (artifact id: 'd7a5183e977ad47a4b9259aef9193167') in 0.251753 seconds
  Import took 0.339039 seconds .

========================================================================
Received Import Request.
  Time since last request: 0.000307 seconds.
  path: Assets/_Scripts
  artifactKey: Guid(426c848a41eafc3479ac6ff239f1c334) Importer(815301076,1909f56bfc062723c751e8b465ee728b)
Start importing Assets/_Scripts using Guid(426c848a41eafc3479ac6ff239f1c334) Importer(815301076,1909f56bfc062723c751e8b465ee728b)  -> (artifact id: '8f53e956d33eca39d3992cdd614eaf42') in 0.011776 seconds
  Import took 0.014565 seconds .

========================================================================
Received Import Request.
  Time since last request: 0.000283 seconds.
  path: Assets/Models
  artifactKey: Guid(46e0674ead4dc3549a27bc25dc0639f7) Importer(815301076,1909f56bfc062723c751e8b465ee728b)
Start importing Assets/Models using Guid(46e0674ead4dc3549a27bc25dc0639f7) Importer(815301076,1909f56bfc062723c751e8b465ee728b)  -> (artifact id: '8fb80b693d20fb7a7ca36f0af594d57d') in 0.010839 seconds
  Import took 0.013168 seconds .

========================================================================
Received Import Request.
  Time since last request: 394.247702 seconds.
  path: Assets/Models/Cube.blend
  artifactKey: Guid(06efa0801c781c746a9ae4982a2ca096) Importer(815301076,1909f56bfc062723c751e8b465ee728b)
Start importing Assets/Models/Cube.blend using Guid(06efa0801c781c746a9ae4982a2ca096) Importer(815301076,1909f56bfc062723c751e8b465ee728b)  -> (artifact id: 'decc53ca109603d012ec3d065db5736d') in 5.458966 seconds
  Import took 5.534375 seconds .

========================================================================
Received Import Request.
  Time since last request: 0.004109 seconds.
  path: Assets/Models/Cube.blend
  artifactKey: Guid(06efa0801c781c746a9ae4982a2ca096) Importer(815301076,1909f56bfc062723c751e8b465ee728b)
Start importing Assets/Models/Cube.blend using Guid(06efa0801c781c746a9ae4982a2ca096) Importer(815301076,1909f56bfc062723c751e8b465ee728b)  -> (artifact id: 'decc53ca109603d012ec3d065db5736d') in 0.157209 seconds
  Import took 0.162764 seconds .

========================================================================
Received Import Request.
  Time since last request: 75.621414 seconds.
  path: Assets/Models/Cube.blend
  artifactKey: Guid(06efa0801c781c746a9ae4982a2ca096) Importer(815301076,1909f56bfc062723c751e8b465ee728b)
Start importing Assets/Models/Cube.blend using Guid(06efa0801c781c746a9ae4982a2ca096) Importer(815301076,1909f56bfc062723c751e8b465ee728b)  -> (artifact id: 'd3139f107722d98aa98197e4f925de55') in 0.069383 seconds
  Import took 0.071379 seconds .

========================================================================
Received Import Request.
  Time since last request: 601.609087 seconds.
  path: Assets/_Scenes
  artifactKey: Guid(e58749152a8134f43b4c26fbd3663f75) Importer(815301076,1909f56bfc062723c751e8b465ee728b)
Start importing Assets/_Scenes using Guid(e58749152a8134f43b4c26fbd3663f75) Importer(815301076,1909f56bfc062723c751e8b465ee728b)  -> (artifact id: 'a8ada2d5df56746e18517c09ee2ebaff') in 0.059414 seconds
  Import took 0.149356 seconds .

========================================================================
Received Import Request.
  Time since last request: 3.784474 seconds.
  path: Assets/Materials
  artifactKey: Guid(a67adfb920d9e7641ac263803d73a64b) Importer(815301076,1909f56bfc062723c751e8b465ee728b)
Start importing Assets/Materials using Guid(a67adfb920d9e7641ac263803d73a64b) Importer(815301076,1909f56bfc062723c751e8b465ee728b)  -> (artifact id: '840f3a30a7a30b0719c6373eb4c85a5e') in 0.011323 seconds
  Import took 0.164108 seconds .

AssetImportWorkerClient::OnTransportError - code=2 error=End of file
